Determining if the pthread_create exist failed with the following output:
Change Dir: /home/user/catkin_ws/devel/CMakeFiles/CMakeTmp

Run Build Command:/usr/bin/make "cmTryCompileExec506817906/fast"
/usr/bin/make -f CMakeFiles/cmTryCompileExec506817906.dir/build.make CMakeFiles/cmTryCompileExec506817906.dir/build
make[1]: Entering directory `/home/user/catkin_ws/devel/CMakeFiles/CMakeTmp'
/usr/bin/cmake -E cmake_progress_report /home/user/catkin_ws/devel/CMakeFiles/CMakeTmp/CMakeFiles 1
Building C object CMakeFiles/cmTryCompileExec506817906.dir/CheckSymbolExists.c.o
/usr/bin/cc    -o CMakeFiles/cmTryCompileExec506817906.dir/CheckSymbolExists.c.o   -c /home/user/catkin_ws/devel/CMakeFiles/CMakeTmp/CheckSymbolExists.c
Linking C executable cmTryCompileExec506817906
/usr/bin/cmake -E cmake_link_script CMakeFiles/cmTryCompileExec506817906.dir/link.txt --verbose=1
/usr/bin/cc       CMakeFiles/cmTryCompileExec506817906.dir/CheckSymbolExists.c.o  -o cmTryCompileExec506817906 -rdynamic 
CMakeFiles/cmTryCompileExec506817906.dir/CheckSymbolExists.c.o: In function `main':
CheckSymbolExists.c:(.text+0x16): undefined reference to `pthread_create'
collect2: error: ld returned 1 exit status
make[1]: *** [cmTryCompileExec506817906] Error 1
make[1]: Leaving directory `/home/user/catkin_ws/devel/CMakeFiles/CMakeTmp'
make: *** [cmTryCompileExec506817906/fast] Error 2

File /home/user/catkin_ws/devel/CMakeFiles/CMakeTmp/CheckSymbolExists.c:
/* */
#include <pthread.h>

int main(int argc, char** argv)
{
  (void)argv;
#ifndef pthread_create
  return ((int*)(&pthread_create))[argc];
#else
  (void)argc;
  return 0;
#endif
}

Determining if the function pthread_create exists in the pthreads failed with the following output:
Change Dir: /home/user/catkin_ws/devel/CMakeFiles/CMakeTmp

Run Build Command:/usr/bin/make "cmTryCompileExec3539230538/fast"
/usr/bin/make -f CMakeFiles/cmTryCompileExec3539230538.dir/build.make CMakeFiles/cmTryCompileExec3539230538.dir/build
make[1]: Entering directory `/home/user/catkin_ws/devel/CMakeFiles/CMakeTmp'
/usr/bin/cmake -E cmake_progress_report /home/user/catkin_ws/devel/CMakeFiles/CMakeTmp/CMakeFiles 1
Building C object CMakeFiles/cmTryCompileExec3539230538.dir/CheckFunctionExists.c.o
/usr/bin/cc   -DCHECK_FUNCTION_EXISTS=pthread_create   -o CMakeFiles/cmTryCompileExec3539230538.dir/CheckFunctionExists.c.o   -c /usr/share/cmake-2.8/Modules/CheckFunctionExists.c
Linking C executable cmTryCompileExec3539230538
/usr/bin/cmake -E cmake_link_script CMakeFiles/cmTryCompileExec3539230538.dir/link.txt --verbose=1
/usr/bin/cc   -DCHECK_FUNCTION_EXISTS=pthread_create    CMakeFiles/cmTryCompileExec3539230538.dir/CheckFunctionExists.c.o  -o cmTryCompileExec3539230538 -rdynamic -lpthreads 
/usr/bin/ld: cannot find -lpthreads
collect2: error: ld returned 1 exit status
make[1]: *** [cmTryCompileExec3539230538] Error 1
make[1]: Leaving directory `/home/user/catkin_ws/devel/CMakeFiles/CMakeTmp'
make: *** [cmTryCompileExec3539230538/fast] Error 2


